<?xml version="1.0" encoding="UTF-8"?>
<!-- Generated by org.testng.reporters.JUnitXMLReporter -->
<testsuite ignored="0" hostname="LAPTOP-K4AMFBT0" failures="0" tests="4" name="Default test" time="65.457" errors="0" timestamp="2024-11-08T13:06:20 IST">
  <testcase classname="assertions.DataProviderTest" name="loginTest" time="30.422"/>
  <testcase classname="assertions.DataProviderTest" name="loginTest" time="10.295"/>
  <testcase classname="assertions.DataProviderTest" name="loginTest" time="9.384"/>
  <testcase classname="assertions.DataProviderTest" name="loginTest" time="15.161"/>
</testsuite> <!-- Default test -->
