<?xml version="1.0" encoding="UTF-8"?>
<!-- Generated by org.testng.reporters.JUnitXMLReporter -->
<testsuite ignored="6" hostname="LAPTOP-K4AMFBT0" failures="0" tests="3" name="Test" time="0.09" errors="0" timestamp="2024-11-06T12:27:30 IST">
  <testcase classname="groupExecution.Test1" name="demo1" time="0.013"/>
  <testcase classname="groupExecution.Test2" name="demo1" time="0.002"/>
  <testcase classname="groupExecution.Test2" name="demo3" time="0.002"/>
  <testcase classname="groupExecution.Test1" name="demo3" time="0.0">
    <ignored/>
  </testcase> <!-- demo3 -->
  <testcase classname="groupExecution.Test3" name="demo2" time="0.0">
    <ignored/>
  </testcase> <!-- demo2 -->
  <testcase classname="groupExecution.Test3" name="demo1" time="0.0">
    <ignored/>
  </testcase> <!-- demo1 -->
  <testcase classname="groupExecution.Test1" name="demo2" time="0.0">
    <ignored/>
  </testcase> <!-- demo2 -->
  <testcase classname="groupExecution.Test2" name="demo2" time="0.0">
    <ignored/>
  </testcase> <!-- demo2 -->
  <testcase classname="groupExecution.Test3" name="demo3" time="0.0">
    <ignored/>
  </testcase> <!-- demo3 -->
</testsuite> <!-- Test -->
