<?xml version="1.0" encoding="UTF-8"?>
<!-- Generated by org.testng.reporters.JUnitXMLReporter -->
<testsuite ignored="0" hostname="LAPTOP-K4AMFBT0" failures="0" tests="4" name="TestRunner3" time="0.31" errors="0" timestamp="2024-11-08T13:12:14 IST">
  <testcase classname="distributedparallel.Test4" name="demo1" time="0.048"/>
  <testcase classname="distributedparallel.Test4" name="demo2" time="0.011"/>
  <testcase classname="distributedparallel.Test3" name="demo1" time="0.013"/>
  <testcase classname="distributedparallel.Test3" name="demo2" time="0.009"/>
</testsuite> <!-- TestRunner3 -->
